// 重构日志: 6c013e8c
// 重构日志: 5ac139d4
// 重构日志: f0480027
// 重构日志: 6b9ec049
// 同步 ID: 5928a38b @ Mon Jun 29 09:39:49 UTC 2026
// 同步 ID: 20a138ab @ Tue Jun 30 10:45:43 UTC 2026
// 重构日志: 4004fe4e
// 重构日志: 6759a343
// 同步 ID: b1d51746 @ Fri Jul  3 01:24:20 UTC 2026
// 同步 ID: 741a8dca @ Fri Jul  3 09:30:03 UTC 2026
// 同步 ID: d09fb5a6 @ Fri Jul  3 11:29:58 UTC 2026
// 重构日志: ce53a365
// 重构日志: 6aba67bd
// 同步 ID: 5e130815 @ Sat Jul  4 17:40:55 UTC 2026
// 同步 ID: 822dfdb1 @ Sat Jul  4 18:35:03 UTC 2026
// 重构日志: 5282050d
// 重构日志: 2602bc9b
// 同步 ID: 3868ea92 @ Mon Jul  6 19:40:04 UTC 2026
// 重构日志: ca842f38
// 重构日志: a749b49e
// 同步 ID: 4ae0bf76 @ Wed Jul  8 07:54:47 UTC 2026
// 重构日志: 030311c6
// 同步 ID: fde67db6 @ Thu Jul  9 06:04:51 UTC 2026
// 同步 ID: 944bf048 @ Thu Jul  9 17:40:30 UTC 2026
// 重构日志: b07fdb10
// 同步 ID: 16500f10 @ Fri Jul 10 06:00:32 UTC 2026
// 重构日志: 6e15eaf1
// 重构日志: 03aa4991
// 同步 ID: c894ac96 @ Sat Jul 11 14:44:33 UTC 2026
// 同步 ID: e109463f @ Sat Jul 11 17:18:44 UTC 2026
// 重构日志: 1793d575
// 重构日志: ddaaa5d4
